0 info it worked if it ends with ok
1 verbose cli [ 'node', '/usr/bin/npm', 'install', '-g', 'node-inspector' ]
2 info using npm@2.0.0
3 info using node@v0.10.32
4 verbose cache add [ 'node-inspector', null ]
5 verbose cache add spec="node-inspector" args=["node-inspector",null]
6 verbose parsed spec { raw: 'node-inspector',
6 verbose parsed spec   scope: null,
6 verbose parsed spec   name: 'node-inspector',
6 verbose parsed spec   rawSpec: '',
6 verbose parsed spec   spec: '*',
6 verbose parsed spec   type: 'range' }
7 verbose parsed spec { raw: 'node-inspector',
7 verbose parsed spec   scope: null,
7 verbose parsed spec   name: 'node-inspector',
7 verbose parsed spec   rawSpec: '',
7 verbose parsed spec   spec: '*',
7 verbose parsed spec   type: 'range' }
8 verbose addNamed [ 'node-inspector', '*' ]
9 verbose addNamed [ null, '*' ]
10 silly lockFile 3c4e33e9-node-inspector node-inspector@*
11 verbose lock node-inspector@* /home/fulup/.npm/3c4e33e9-node-inspector.lock
12 silly addNameRange { name: 'node-inspector', range: '*', hasData: false }
13 verbose mapToRegistry name node-inspector
14 verbose mapToRegistry uri https://registry.npmjs.org/node-inspector
15 verbose request on initialization, where is /node-inspector
16 verbose request after pass 1, where is /node-inspector
17 verbose request url raw /node-inspector
18 verbose request resolving registry [ 'https://registry.npmjs.org/', './node-inspector' ]
19 verbose request after pass 2, where is https://registry.npmjs.org/node-inspector
20 verbose request no auth needed
21 info attempt registry request try #1 at 08:20:29
22 verbose request id f712ba0e27104683
23 http request GET https://registry.npmjs.org/node-inspector
24 http 200 https://registry.npmjs.org/node-inspector
25 silly registry.get cb [ 200,
25 silly registry.get   { date: 'Sat, 18 Oct 2014 06:20:30 GMT',
25 silly registry.get     server: 'CouchDB/1.5.0 (Erlang OTP/R16B03)',
25 silly registry.get     etag: '"8HFS725AWZI3CDT7AJJC2P2DY"',
25 silly registry.get     'content-type': 'application/json',
25 silly registry.get     'cache-control': 'max-age=60',
25 silly registry.get     'content-length': '74929',
25 silly registry.get     'accept-ranges': 'bytes',
25 silly registry.get     via: '1.1 varnish',
25 silly registry.get     age: '0',
25 silly registry.get     'x-served-by': 'cache-fra1236-FRA',
25 silly registry.get     'x-cache': 'HIT',
25 silly registry.get     'x-cache-hits': '1',
25 silly registry.get     'x-timer': 'S1413613229.556558,VS0,VE703',
25 silly registry.get     vary: 'Accept',
25 silly registry.get     'keep-alive': 'timeout=10, max=50',
25 silly registry.get     connection: 'Keep-Alive' } ]
26 silly addNameRange number 2 { name: 'node-inspector', range: '*', hasData: true }
27 silly addNameRange versions [ 'node-inspector',
27 silly addNameRange   [ '0.0.1',
27 silly addNameRange     '0.0.2',
27 silly addNameRange     '0.0.3',
27 silly addNameRange     '0.0.4',
27 silly addNameRange     '0.1.0',
27 silly addNameRange     '0.1.1',
27 silly addNameRange     '0.1.2',
27 silly addNameRange     '0.1.3',
27 silly addNameRange     '0.1.4',
27 silly addNameRange     '0.1.5',
27 silly addNameRange     '0.1.6',
27 silly addNameRange     '0.1.7',
27 silly addNameRange     '0.1.8',
27 silly addNameRange     '0.1.9',
27 silly addNameRange     '0.1.10',
27 silly addNameRange     '0.3.0',
27 silly addNameRange     '0.3.1',
27 silly addNameRange     '0.3.2',
27 silly addNameRange     '0.3.3',
27 silly addNameRange     '0.3.4',
27 silly addNameRange     '0.4.0',
27 silly addNameRange     '0.5.0',
27 silly addNameRange     '0.6.0',
27 silly addNameRange     '0.6.1',
27 silly addNameRange     '0.6.2',
27 silly addNameRange     '0.7.0-1',
27 silly addNameRange     '0.2.0-beta1',
27 silly addNameRange     '0.2.0-beta2',
27 silly addNameRange     '0.2.0-beta3',
27 silly addNameRange     '0.2.0-beta4',
27 silly addNameRange     '0.3.0-preview1',
27 silly addNameRange     '0.7.0-2',
27 silly addNameRange     '0.7.0',
27 silly addNameRange     '0.7.1',
27 silly addNameRange     '0.7.2',
27 silly addNameRange     '0.7.3',
27 silly addNameRange     '0.7.4' ] ]
28 verbose addNamed [ 'node-inspector', '0.7.4' ]
29 verbose addNamed [ '0.7.4', '0.7.4' ]
30 silly lockFile aae362fc-node-inspector-0-7-4 node-inspector@0.7.4
31 verbose lock node-inspector@0.7.4 /home/fulup/.npm/aae362fc-node-inspector-0-7-4.lock
32 silly lockFile ff689745-spector-node-inspector-0-7-4-tgz https://registry.npmjs.org/node-inspector/-/node-inspector-0.7.4.tgz
33 verbose lock https://registry.npmjs.org/node-inspector/-/node-inspector-0.7.4.tgz /home/fulup/.npm/ff689745-spector-node-inspector-0-7-4-tgz.lock
34 verbose addRemoteTarball [ 'https://registry.npmjs.org/node-inspector/-/node-inspector-0.7.4.tgz',
34 verbose addRemoteTarball   '3d07234f0834e7f1e21a1669eceaa224a7be43f2' ]
35 info retry fetch attempt 1 at 08:20:30
36 info attempt registry request try #1 at 08:20:30
37 http fetch GET https://registry.npmjs.org/node-inspector/-/node-inspector-0.7.4.tgz
38 http fetch 200 https://registry.npmjs.org/node-inspector/-/node-inspector-0.7.4.tgz
39 silly fetchAndShaCheck shasum 3d07234f0834e7f1e21a1669eceaa224a7be43f2
40 silly lockFile ff689745-spector-node-inspector-0-7-4-tgz https://registry.npmjs.org/node-inspector/-/node-inspector-0.7.4.tgz
41 silly lockFile ff689745-spector-node-inspector-0-7-4-tgz https://registry.npmjs.org/node-inspector/-/node-inspector-0.7.4.tgz
42 silly lockFile aae362fc-node-inspector-0-7-4 node-inspector@0.7.4
43 silly lockFile aae362fc-node-inspector-0-7-4 node-inspector@0.7.4
44 silly lockFile 3c4e33e9-node-inspector node-inspector@*
45 silly lockFile 3c4e33e9-node-inspector node-inspector@*
46 silly resolved [ { name: 'node-inspector',
46 silly resolved     version: '0.7.4',
46 silly resolved     description: 'Web Inspector based nodeJS debugger',
46 silly resolved     homepage: 'http://github.com/node-inspector/node-inspector',
46 silly resolved     author: { name: 'Danny Coates', email: 'dannycoates@gmail.com' },
46 silly resolved     keywords: [ 'debug', 'debugger', 'inspector', 'profiler' ],
46 silly resolved     repository:
46 silly resolved      { type: 'git',
46 silly resolved        url: 'http://github.com/node-inspector/node-inspector.git' },
46 silly resolved     engines: { node: '>=0.8.0' },
46 silly resolved     bin:
46 silly resolved      { 'node-inspector': './bin/inspector.js',
46 silly resolved        'node-debug': './bin/node-debug.js' },
46 silly resolved     dependencies:
46 silly resolved      { express: '~4.0',
46 silly resolved        async: '~0.8',
46 silly resolved        glob: '~3.2.1',
46 silly resolved        rc: '~0.3.0',
46 silly resolved        'strong-data-uri': '~0.1.0',
46 silly resolved        debug: '~0.8',
46 silly resolved        ws: '~0.4.31',
46 silly resolved        opener: '~1.3.0',
46 silly resolved        yargs: '~1.2.1',
46 silly resolved        which: '~1.0.5' },
46 silly resolved     devDependencies:
46 silly resolved      { mocha: 'latest',
46 silly resolved        chai: 'latest',
46 silly resolved        jshint: '^2.4.4',
46 silly resolved        'fs-extra': '~0.8.1' },
46 silly resolved     preferGlobal: true,
46 silly resolved     scripts: { pretest: 'jshint .', test: 'mocha' },
46 silly resolved     contributors:
46 silly resolved      [ [Object],
46 silly resolved        [Object],
46 silly resolved        [Object],
46 silly resolved        [Object],
46 silly resolved        [Object],
46 silly resolved        [Object],
46 silly resolved        [Object],
46 silly resolved        [Object],
46 silly resolved        [Object],
46 silly resolved        [Object],
46 silly resolved        [Object],
46 silly resolved        [Object],
46 silly resolved        [Object],
46 silly resolved        [Object],
46 silly resolved        [Object],
46 silly resolved        [Object],
46 silly resolved        [Object],
46 silly resolved        [Object],
46 silly resolved        [Object],
46 silly resolved        [Object],
46 silly resolved        [Object],
46 silly resolved        [Object],
46 silly resolved        [Object],
46 silly resolved        [Object],
46 silly resolved        [Object],
46 silly resolved        [Object],
46 silly resolved        [Object],
46 silly resolved        [Object],
46 silly resolved        [Object],
46 silly resolved        [Object],
46 silly resolved        [Object] ],
46 silly resolved     bugs: { url: 'https://github.com/node-inspector/node-inspector/issues' },
46 silly resolved     _id: 'node-inspector@0.7.4',
46 silly resolved     dist:
46 silly resolved      { shasum: '3d07234f0834e7f1e21a1669eceaa224a7be43f2',
46 silly resolved        tarball: 'http://registry.npmjs.org/node-inspector/-/node-inspector-0.7.4.tgz' },
46 silly resolved     _from: 'node-inspector@*',
46 silly resolved     _npmVersion: '1.4.3',
46 silly resolved     _npmUser: { name: 'bajtos', email: 'miro.bajtos@gmail.com' },
46 silly resolved     maintainers: [ [Object], [Object], [Object], [Object] ],
46 silly resolved     directories: {},
46 silly resolved     _shasum: '3d07234f0834e7f1e21a1669eceaa224a7be43f2',
46 silly resolved     _resolved: 'https://registry.npmjs.org/node-inspector/-/node-inspector-0.7.4.tgz' } ]
47 info install node-inspector@0.7.4 into /usr/lib
48 info installOne node-inspector@0.7.4
49 verbose lib/node_modules/node-inspector unbuild
50 verbose gentlyRm vacuuming /usr/lib/node_modules/node-inspector
51 verbose tar unpack /home/fulup/.npm/node-inspector/0.7.4/package.tgz
52 silly lockFile 41e58605--lib-node-modules-node-inspector tar:///usr/lib/node_modules/node-inspector
53 verbose lock tar:///usr/lib/node_modules/node-inspector /home/fulup/.npm/41e58605--lib-node-modules-node-inspector.lock
54 silly lockFile 0df00c3e-node-inspector-0-7-4-package-tgz tar:///home/fulup/.npm/node-inspector/0.7.4/package.tgz
55 verbose lock tar:///home/fulup/.npm/node-inspector/0.7.4/package.tgz /home/fulup/.npm/0df00c3e-node-inspector-0-7-4-package-tgz.lock
56 verbose gentlyRm vacuuming /usr/lib/node_modules/node-inspector
57 silly gunzTarPerm modes [ '755', '644' ]
58 verbose fstream_path /usr/lib/node_modules/node-inspector
59 verbose fstream_type Directory
60 verbose fstream_class DirWriter
61 verbose stack Error: EACCES, mkdir '/usr/lib/node_modules/node-inspector'
62 verbose fstream_stack /usr/lib/node_modules/fstream/lib/dir-writer.js:36:23
62 verbose fstream_stack /usr/lib/node_modules/mkdirp/index.js:46:53
62 verbose fstream_stack Object.oncomplete (fs.js:107:15)
63 verbose cwd /home/fulup/workspace/gpsdtracking
64 error Linux 3.11.10-21-desktop
65 error argv "node" "/usr/bin/npm" "install" "-g" "node-inspector"
66 error node v0.10.32
67 error npm  v2.0.0
68 error path /usr/lib/node_modules/node-inspector
69 error code EACCES
70 error errno 3
71 error Error: EACCES, mkdir '/usr/lib/node_modules/node-inspector'
71 error  { [Error: EACCES, mkdir '/usr/lib/node_modules/node-inspector']
71 error   errno: 3,
71 error   code: 'EACCES',
71 error   path: '/usr/lib/node_modules/node-inspector',
71 error   fstream_type: 'Directory',
71 error   fstream_path: '/usr/lib/node_modules/node-inspector',
71 error   fstream_class: 'DirWriter',
71 error   fstream_stack:
71 error    [ '/usr/lib/node_modules/fstream/lib/dir-writer.js:36:23',
71 error      '/usr/lib/node_modules/mkdirp/index.js:46:53',
71 error      'Object.oncomplete (fs.js:107:15)' ] }
72 error Please try running this command again as root/Administrator.
73 verbose exit [ 3, true ]
